{
  "stats": {
    "suites": 1,
    "tests": 2,
    "passes": 1,
    "pending": 1,
    "failures": 0,
    "start": "2026-04-09T15:13:02.552Z",
    "end": "2026-04-09T15:13:02.783Z",
    "duration": 231,
    "testsRegistered": 3,
    "passPercent": 50,
    "pendingPercent": 33.33333333333333,
    "other": 1,
    "hasOther": true,
    "skipped": 0,
    "hasSkipped": false
  },
  "results": [
    {
      "uuid": "f4e7e27e-801d-4d9a-a7b2-0741e79d7e05",
      "title": "",
      "fullFile": "cypress/e2e/test-one-skip.cy.js",
      "file": "cypress/e2e/test-one-skip.cy.js",
      "beforeHooks": [],
      "afterHooks": [],
      "tests": [],
      "suites": [
        {
          "uuid": "20f7e72b-c5b6-42b6-89f8-b19c93e9f9e6",
          "title": "test",
          "fullFile": "",
          "file": "",
          "beforeHooks": [],
          "afterHooks": [],
          "tests": [
            {
              "title": "test1",
              "fullTitle": "test test1",
              "timedOut": null,
              "duration": 32,
              "state": "passed",
              "speed": "fast",
              "pass": true,
              "fail": false,
              "pending": false,
              "context": null,
              "code": "",
              "err": {},
              "uuid": "3825bb31-3bbb-46e8-a2d7-1e3cb27fca1f",
              "parentUUID": "20f7e72b-c5b6-42b6-89f8-b19c93e9f9e6",
              "isHook": false,
              "skipped": false
            },
            {
              "title": "test2",
              "fullTitle": "test test2",
              "timedOut": null,
              "duration": 0,
              "state": "pending",
              "speed": null,
              "pass": false,
              "fail": false,
              "pending": true,
              "context": null,
              "code": "",
              "err": {},
              "uuid": "3c459a4f-afa6-43d0-a550-039496ce471b",
              "parentUUID": "20f7e72b-c5b6-42b6-89f8-b19c93e9f9e6",
              "isHook": false,
              "skipped": false
            },
            {
              "title": "test3",
              "fullTitle": "test test3",
              "timedOut": null,
              "duration": 92,
              "state": "failed",
              "speed": null,
              "pass": false,
              "fail": true,
              "pending": false,
              "context": null,
              "code": "throw new Error('This test case should fail');",
              "err": {
                "message": "Error: This test case should fail",
                "estack": "Error: This test case should fail\n    at Context.eval (webpack://29627-mochawesome/./cypress/e2e/test-one-skip.cy.js:5:10)\n    at runnable.fn (http://localhost:38351/__cypress/runner/cypress_runner.js:146581:19)\n    at callFn (http://localhost:38351/__cypress/runner/cypress_runner.js:165745:21)\n    at Runnable.run (http://localhost:38351/__cypress/runner/cypress_runner.js:165732:7)\n    at <unknown> (http://localhost:38351/__cypress/runner/cypress_runner.js:171830:30)\n    at PassThroughHandlerContext.finallyHandler (http://localhost:38351/__cypress/runner/cypress_runner.js:4042:23)\n    at PassThroughHandlerContext.tryCatcher (http://localhost:38351/__cypress/runner/cypress_runner.js:1777:23)\n    at Promise._settlePromiseFromHandler (http://localhost:38351/__cypress/runner/cypress_runner.js:1489:31)\n    at Promise._settlePromise (http://localhost:38351/__cypress/runner/cypress_runner.js:1546:18)",
                "diff": null
              },
              "uuid": "ed327c0a-fff2-4067-828a-e0256f6e9d40",
              "parentUUID": "20f7e72b-c5b6-42b6-89f8-b19c93e9f9e6",
              "isHook": false,
              "skipped": false
            }
          ],
          "suites": [],
          "passes": [
            "3825bb31-3bbb-46e8-a2d7-1e3cb27fca1f"
          ],
          "failures": [
            "ed327c0a-fff2-4067-828a-e0256f6e9d40"
          ],
          "pending": [
            "3c459a4f-afa6-43d0-a550-039496ce471b"
          ],
          "skipped": [],
          "duration": 124,
          "root": false,
          "rootEmpty": false,
          "_timeout": 2000
        }
      ],
      "passes": [],
      "failures": [],
      "pending": [],
      "skipped": [],
      "duration": 0,
      "root": true,
      "rootEmpty": true,
      "_timeout": 2000
    }
  ],
  "meta": {
    "mocha": {
      "version": "7.2.0"
    },
    "mochawesome": {
      "options": {
        "quiet": false,
        "reportFilename": "mochawesome",
        "saveHtml": false,
        "saveJson": true,
        "consoleReporter": "spec",
        "useInlineDiffs": false,
        "code": true
      },
      "version": "7.1.4"
    },
    "marge": {
      "options": {
        "reportDir": "cypress/results",
        "overwrite": false,
        "html": false,
        "json": true
      },
      "version": "6.3.2"
    }
  }
}